0000000000002019-11-10 14:54:57 DEBUG Hooks:28 - Start initializing capabilities
2019-11-10 14:55:05 DEBUG CredentialPage:15 - 000000000000000000000000
2019-11-10 14:55:05 DEBUG CredentialPage:15 - 000000000000000000000000
2019-11-10 14:55:05 DEBUG HomePage:27 - 000000000000000000000000
2019-11-10 14:55:09 DEBUG CredentialPage:15 - 000000000000000000000000
2019-11-12 19:12:19 DEBUG Hooks:28 - Start initializing capabilities
2019-11-12 19:15:44 DEBUG Hooks:28 - Start initializing capabilities
2019-11-12 20:02:07 DEBUG Hooks:28 - Start initializing capabilities
2019-11-12 20:02:22 DEBUG Hooks:28 - Start initializing capabilities
2019-11-12 20:02:34 DEBUG Hooks:28 - Start initializing capabilities
2019-11-12 20:02:46 DEBUG Hooks:28 - Start initializing capabilities
2019-11-12 20:02:59 DEBUG Hooks:28 - Start initializing capabilities
2019-11-12 20:03:13 DEBUG Hooks:28 - Start initializing capabilities
2019-11-12 22:54:50 DEBUG Hooks:28 - Start initializing capabilities
2019-11-12 22:55:08 DEBUG Hooks:28 - Start initializing capabilities
2019-11-12 22:55:20 DEBUG Hooks:28 - Start initializing capabilities
2019-11-12 22:55:34 DEBUG Hooks:28 - Start initializing capabilities
2019-11-12 22:55:46 DEBUG Hooks:28 - Start initializing capabilities
2019-11-12 22:55:58 DEBUG Hooks:28 - Start initializing capabilities
2019-11-12 22:57:48 DEBUG Hooks:28 - Start initializing capabilities
2019-11-12 22:58:01 DEBUG Hooks:28 - Start initializing capabilities
2019-11-12 22:58:14 DEBUG Hooks:28 - Start initializing capabilities
2019-11-12 22:58:26 DEBUG Hooks:28 - Start initializing capabilities
2019-11-12 22:58:40 DEBUG Hooks:28 - Start initializing capabilities
2019-11-12 22:58:53 DEBUG Hooks:28 - Start initializing capabilities
2019-11-12 23:59:33 DEBUG Hooks:22 - Initializing platform capabilities
2019-11-12 23:59:33 DEBUG Hooks:26 - Initializing application data
2019-11-12 23:59:33 DEBUG Hooks:30 - Initializing web driver
2019-11-12 23:59:47 DEBUG Hooks:22 - Initializing platform capabilities
2019-11-12 23:59:47 DEBUG Hooks:26 - Initializing application data
2019-11-12 23:59:47 DEBUG Hooks:30 - Initializing web driver
2019-11-12 23:59:58 DEBUG Hooks:22 - Initializing platform capabilities
2019-11-12 23:59:58 DEBUG Hooks:26 - Initializing application data
2019-11-12 23:59:58 DEBUG Hooks:30 - Initializing web driver
2019-11-13 00:00:09 DEBUG Hooks:22 - Initializing platform capabilities
2019-11-13 00:00:09 DEBUG Hooks:26 - Initializing application data
2019-11-13 00:00:09 DEBUG Hooks:30 - Initializing web driver
2019-11-13 00:00:23 DEBUG Hooks:22 - Initializing platform capabilities
2019-11-13 00:00:23 DEBUG Hooks:26 - Initializing application data
2019-11-13 00:00:23 DEBUG Hooks:30 - Initializing web driver
2019-11-13 00:00:36 DEBUG Hooks:22 - Initializing platform capabilities
2019-11-13 00:00:36 DEBUG Hooks:26 - Initializing application data
2019-11-13 00:00:36 DEBUG Hooks:30 - Initializing web driver
2019-11-13 00:00:49 DEBUG Hooks:22 - Initializing platform capabilities
2019-11-13 00:00:49 DEBUG Hooks:26 - Initializing application data
2019-11-13 00:00:49 DEBUG Hooks:30 - Initializing web driver
2019-11-13 00:06:16 DEBUG Hooks:22 - Initializing platform capabilities
2019-11-13 00:06:17 DEBUG Hooks:26 - Initializing application data
2019-11-13 00:06:17 DEBUG Hooks:30 - Initializing web driver
2019-11-13 00:06:32 DEBUG Hooks:22 - Initializing platform capabilities
2019-11-13 00:06:32 DEBUG Hooks:26 - Initializing application data
2019-11-13 00:06:32 DEBUG Hooks:30 - Initializing web driver
2019-11-13 00:06:43 DEBUG Hooks:22 - Initializing platform capabilities
2019-11-13 00:06:43 DEBUG Hooks:26 - Initializing application data
2019-11-13 00:06:43 DEBUG Hooks:30 - Initializing web driver
2019-11-13 00:06:55 DEBUG Hooks:22 - Initializing platform capabilities
2019-11-13 00:06:55 DEBUG Hooks:26 - Initializing application data
2019-11-13 00:06:55 DEBUG Hooks:30 - Initializing web driver
2019-11-13 00:07:08 DEBUG Hooks:22 - Initializing platform capabilities
2019-11-13 00:07:08 DEBUG Hooks:26 - Initializing application data
2019-11-13 00:07:08 DEBUG Hooks:30 - Initializing web driver
2019-11-13 00:07:20 DEBUG Hooks:22 - Initializing platform capabilities
2019-11-13 00:07:20 DEBUG Hooks:26 - Initializing application data
2019-11-13 00:07:20 DEBUG Hooks:30 - Initializing web driver
2019-11-13 00:07:32 DEBUG Hooks:22 - Initializing platform capabilities
2019-11-13 00:07:32 DEBUG Hooks:26 - Initializing application data
2019-11-13 00:07:32 DEBUG Hooks:30 - Initializing web driver
2019-11-13 00:11:49 DEBUG Hooks:22 - Initializing platform capabilities
2019-11-13 00:11:49 DEBUG Hooks:26 - Initializing application data
2019-11-13 00:11:49 DEBUG Hooks:30 - Initializing web driver
2019-11-13 00:14:41 DEBUG Hooks:22 - Initializing platform capabilities
2019-11-13 00:14:41 DEBUG Hooks:26 - Initializing application data
2019-11-13 00:14:41 DEBUG Hooks:30 - Initializing web driver
2019-11-13 00:14:55 DEBUG CredentialPage:28 - Waiting for page load
2019-11-13 00:14:55 DEBUG CredentialPage:30 - Setting password
2019-11-13 00:18:58 DEBUG Hooks:22 - Initializing platform capabilities
2019-11-13 00:18:58 DEBUG Hooks:26 - Initializing application data
2019-11-13 00:18:58 DEBUG Hooks:30 - Initializing web driver
2019-11-13 00:19:11 DEBUG CredentialPage:28 - Waiting for page load
2019-11-13 00:19:11 DEBUG CredentialPage:30 - Setting password
2019-11-13 00:20:53 DEBUG Hooks:22 - Initializing platform capabilities
2019-11-13 00:20:53 DEBUG Hooks:26 - Initializing application data
2019-11-13 00:20:53 DEBUG Hooks:30 - Initializing web driver
2019-11-13 00:21:08 DEBUG CredentialPage:28 - Waiting for page load
2019-11-13 00:21:08 DEBUG CredentialPage:30 - Setting password
2019-11-13 00:22:17 DEBUG Hooks:22 - Initializing platform capabilities
2019-11-13 00:22:17 DEBUG Hooks:26 - Initializing application data
2019-11-13 00:22:17 DEBUG Hooks:30 - Initializing web driver
2019-11-13 00:22:35 DEBUG CredentialPage:28 - Waiting for page load
2019-11-13 00:22:35 DEBUG CredentialPage:30 - Setting password
2019-11-13 00:24:22 DEBUG Hooks:22 - Initializing platform capabilities
2019-11-13 00:24:22 DEBUG Hooks:26 - Initializing application data
2019-11-13 00:24:22 DEBUG Hooks:30 - Initializing web driver
2019-11-13 00:24:36 DEBUG CredentialPage:28 - Waiting for page load
2019-11-13 00:24:36 DEBUG CredentialPage:30 - Setting password
2019-11-13 00:32:06 DEBUG Hooks:22 - Initializing platform capabilities
2019-11-13 00:32:06 DEBUG Hooks:26 - Initializing application data
2019-11-13 00:32:06 DEBUG Hooks:30 - Initializing web driver
2019-11-13 00:32:20 DEBUG CredentialPage:28 - Waiting for page load
2019-11-13 00:32:20 DEBUG CredentialPage:30 - Setting password
2019-11-13 00:32:22 DEBUG Hooks:22 - Initializing platform capabilities
2019-11-13 00:32:22 DEBUG Hooks:26 - Initializing application data
2019-11-13 00:32:22 DEBUG Hooks:30 - Initializing web driver
2019-11-13 00:32:34 DEBUG Hooks:22 - Initializing platform capabilities
2019-11-13 00:32:34 DEBUG Hooks:26 - Initializing application data
2019-11-13 00:32:34 DEBUG Hooks:30 - Initializing web driver
2019-11-13 00:32:45 DEBUG Hooks:22 - Initializing platform capabilities
2019-11-13 00:32:45 DEBUG Hooks:26 - Initializing application data
2019-11-13 00:32:45 DEBUG Hooks:30 - Initializing web driver
2019-11-13 00:32:57 DEBUG Hooks:22 - Initializing platform capabilities
2019-11-13 00:32:57 DEBUG Hooks:26 - Initializing application data
2019-11-13 00:32:57 DEBUG Hooks:30 - Initializing web driver
2019-11-13 00:33:08 DEBUG Hooks:22 - Initializing platform capabilities
2019-11-13 00:33:08 DEBUG Hooks:26 - Initializing application data
2019-11-13 00:33:08 DEBUG Hooks:30 - Initializing web driver
2019-11-13 00:33:19 DEBUG Hooks:22 - Initializing platform capabilities
2019-11-13 00:33:19 DEBUG Hooks:26 - Initializing application data
2019-11-13 00:33:19 DEBUG Hooks:30 - Initializing web driver
2019-11-13 00:33:30 DEBUG CredentialPage:28 - Waiting for page load
2019-11-13 00:33:30 DEBUG CredentialPage:30 - Setting password
2019-11-13 12:46:51 DEBUG Hooks:24 - Initializing platform capabilities
2019-11-13 12:46:51 DEBUG Hooks:28 - Initializing application data
2019-11-13 12:46:51 DEBUG Hooks:32 - Initializing web driver
2019-11-13 12:47:01 DEBUG CredentialPage:28 - Waiting for page load
2019-11-13 12:47:01 DEBUG CredentialPage:30 - Setting password
2019-11-13 12:47:02 DEBUG Hooks:24 - Initializing platform capabilities
2019-11-13 12:47:02 DEBUG Hooks:28 - Initializing application data
2019-11-13 12:47:02 DEBUG Hooks:32 - Initializing web driver
2019-11-13 12:47:11 DEBUG Hooks:24 - Initializing platform capabilities
2019-11-13 12:47:11 DEBUG Hooks:28 - Initializing application data
2019-11-13 12:47:11 DEBUG Hooks:32 - Initializing web driver
2019-11-13 12:47:25 DEBUG Hooks:24 - Initializing platform capabilities
2019-11-13 12:47:25 DEBUG Hooks:28 - Initializing application data
2019-11-13 12:47:25 DEBUG Hooks:32 - Initializing web driver
2019-11-13 12:47:37 DEBUG Hooks:24 - Initializing platform capabilities
2019-11-13 12:47:37 DEBUG Hooks:28 - Initializing application data
2019-11-13 12:47:37 DEBUG Hooks:32 - Initializing web driver
2019-11-13 12:47:49 DEBUG Hooks:24 - Initializing platform capabilities
2019-11-13 12:47:49 DEBUG Hooks:28 - Initializing application data
2019-11-13 12:47:49 DEBUG Hooks:32 - Initializing web driver
2019-11-13 12:48:02 DEBUG Hooks:24 - Initializing platform capabilities
2019-11-13 12:48:02 DEBUG Hooks:28 - Initializing application data
2019-11-13 12:48:02 DEBUG Hooks:32 - Initializing web driver
2019-11-13 12:48:13 DEBUG CredentialPage:28 - Waiting for page load
2019-11-13 12:48:13 DEBUG CredentialPage:30 - Setting password
2019-11-13 12:56:15 DEBUG Hooks:29 - Initializing platform capabilities
2019-11-13 12:56:15 DEBUG Hooks:33 - Initializing application data
2019-11-13 12:56:15 DEBUG Hooks:37 - Initializing web driver
2019-11-13 12:56:26 DEBUG CredentialPage:28 - Waiting for page load
2019-11-13 12:56:26 DEBUG CredentialPage:30 - Setting password
2019-11-13 12:56:26 DEBUG Hooks:29 - Initializing platform capabilities
2019-11-13 12:56:26 DEBUG Hooks:33 - Initializing application data
2019-11-13 12:56:26 DEBUG Hooks:37 - Initializing web driver
2019-11-13 12:56:38 DEBUG Hooks:29 - Initializing platform capabilities
2019-11-13 12:56:38 DEBUG Hooks:33 - Initializing application data
2019-11-13 12:56:38 DEBUG Hooks:37 - Initializing web driver
2019-11-13 12:56:48 DEBUG Hooks:29 - Initializing platform capabilities
2019-11-13 12:56:48 DEBUG Hooks:33 - Initializing application data
2019-11-13 12:56:48 DEBUG Hooks:37 - Initializing web driver
2019-11-13 12:56:57 DEBUG Hooks:29 - Initializing platform capabilities
2019-11-13 12:56:57 DEBUG Hooks:33 - Initializing application data
2019-11-13 12:56:57 DEBUG Hooks:37 - Initializing web driver
2019-11-13 12:57:05 DEBUG Hooks:29 - Initializing platform capabilities
2019-11-13 12:57:05 DEBUG Hooks:33 - Initializing application data
2019-11-13 12:57:05 DEBUG Hooks:37 - Initializing web driver
2019-11-13 12:57:14 DEBUG Hooks:29 - Initializing platform capabilities
2019-11-13 12:57:14 DEBUG Hooks:33 - Initializing application data
2019-11-13 12:57:14 DEBUG Hooks:37 - Initializing web driver
2019-11-13 12:57:24 DEBUG CredentialPage:28 - Waiting for page load
2019-11-13 12:57:24 DEBUG CredentialPage:30 - Setting password
2019-11-13 14:07:52 DEBUG Hooks:29 - Initializing platform capabilities
2019-11-13 14:07:52 DEBUG Hooks:33 - Initializing application data
2019-11-13 14:07:52 DEBUG Hooks:37 - Initializing web driver
2019-11-13 14:08:06 DEBUG CredentialPage:28 - Waiting for page load
2019-11-13 14:08:06 DEBUG CredentialPage:30 - Setting password
2019-11-13 14:13:24 DEBUG Hooks:29 - Initializing platform capabilities
2019-11-13 14:13:24 DEBUG Hooks:33 - Initializing application data
2019-11-13 14:13:24 DEBUG Hooks:37 - Initializing web driver
2019-11-13 14:13:31 DEBUG Hooks:29 - Initializing platform capabilities
2019-11-13 14:13:31 DEBUG Hooks:33 - Initializing application data
2019-11-13 14:13:31 DEBUG Hooks:37 - Initializing web driver
2019-11-13 14:13:43 DEBUG Hooks:29 - Initializing platform capabilities
2019-11-13 14:13:43 DEBUG Hooks:33 - Initializing application data
2019-11-13 14:13:43 DEBUG Hooks:37 - Initializing web driver
2019-11-13 14:13:45 DEBUG Hooks:29 - Initializing platform capabilities
2019-11-13 14:13:45 DEBUG Hooks:33 - Initializing application data
2019-11-13 14:13:45 DEBUG Hooks:37 - Initializing web driver
2019-11-13 14:13:49 DEBUG Hooks:29 - Initializing platform capabilities
2019-11-13 14:13:50 DEBUG Hooks:33 - Initializing application data
2019-11-13 14:13:50 DEBUG Hooks:37 - Initializing web driver
2019-11-13 14:14:02 DEBUG Hooks:29 - Initializing platform capabilities
2019-11-13 14:14:02 DEBUG Hooks:33 - Initializing application data
2019-11-13 14:14:02 DEBUG Hooks:37 - Initializing web driver
2019-11-13 14:14:06 DEBUG Hooks:29 - Initializing platform capabilities
2019-11-13 14:14:06 DEBUG Hooks:33 - Initializing application data
2019-11-13 14:14:06 DEBUG Hooks:37 - Initializing web driver
2019-11-13 14:14:22 DEBUG Hooks:29 - Initializing platform capabilities
2019-11-13 14:14:22 DEBUG Hooks:33 - Initializing application data
2019-11-13 14:14:22 DEBUG Hooks:37 - Initializing web driver
2019-11-13 14:14:29 DEBUG Hooks:29 - Initializing platform capabilities
2019-11-13 14:14:29 DEBUG Hooks:33 - Initializing application data
2019-11-13 14:14:29 DEBUG Hooks:37 - Initializing web driver
2019-11-13 14:14:42 DEBUG Hooks:29 - Initializing platform capabilities
2019-11-13 14:14:42 DEBUG Hooks:33 - Initializing application data
2019-11-13 14:14:42 DEBUG Hooks:37 - Initializing web driver
2019-11-13 14:14:46 DEBUG Hooks:29 - Initializing platform capabilities
2019-11-13 14:14:46 DEBUG Hooks:33 - Initializing application data
2019-11-13 14:14:46 DEBUG Hooks:37 - Initializing web driver
2019-11-13 14:15:05 DEBUG Hooks:29 - Initializing platform capabilities
2019-11-13 14:15:05 DEBUG Hooks:33 - Initializing application data
2019-11-13 14:15:05 DEBUG Hooks:37 - Initializing web driver
2019-11-13 14:15:14 DEBUG Hooks:29 - Initializing platform capabilities
2019-11-13 14:15:14 DEBUG Hooks:33 - Initializing application data
2019-11-13 14:15:14 DEBUG Hooks:37 - Initializing web driver
2019-11-13 14:15:44 DEBUG Hooks:29 - Initializing platform capabilities
2019-11-13 14:15:44 DEBUG Hooks:33 - Initializing application data
2019-11-13 14:15:44 DEBUG Hooks:37 - Initializing web driver
2019-11-13 14:17:49 DEBUG Hooks:29 - Initializing platform capabilities
2019-11-13 14:17:49 DEBUG Hooks:33 - Initializing application data
2019-11-13 14:17:49 DEBUG Hooks:37 - Initializing web driver
2019-11-13 14:18:03 DEBUG CredentialPage:28 - Waiting for page load
2019-11-13 14:18:03 DEBUG CredentialPage:30 - Setting password
2019-11-13 14:18:52 DEBUG Hooks:29 - Initializing platform capabilities
2019-11-13 14:18:52 DEBUG Hooks:33 - Initializing application data
2019-11-13 14:18:52 DEBUG Hooks:37 - Initializing web driver
2019-11-13 14:19:28 DEBUG Hooks:29 - Initializing platform capabilities
2019-11-13 14:19:28 DEBUG Hooks:33 - Initializing application data
2019-11-13 14:19:28 DEBUG Hooks:37 - Initializing web driver
2019-11-13 14:20:00 DEBUG Hooks:29 - Initializing platform capabilities
2019-11-13 14:20:00 DEBUG Hooks:33 - Initializing application data
2019-11-13 14:20:00 DEBUG Hooks:37 - Initializing web driver
2019-11-13 14:20:18 DEBUG Hooks:29 - Initializing platform capabilities
2019-11-13 14:20:18 DEBUG Hooks:33 - Initializing application data
2019-11-13 14:20:18 DEBUG Hooks:37 - Initializing web driver
2019-11-13 14:20:44 DEBUG Hooks:29 - Initializing platform capabilities
2019-11-13 14:20:44 DEBUG Hooks:33 - Initializing application data
2019-11-13 14:20:44 DEBUG Hooks:37 - Initializing web driver
2019-11-13 14:22:01 DEBUG Hooks:29 - Initializing platform capabilities
2019-11-13 14:22:01 DEBUG Hooks:33 - Initializing application data
2019-11-13 14:22:01 DEBUG Hooks:37 - Initializing web driver
2019-11-13 14:22:12 DEBUG CredentialPage:28 - Waiting for page load
2019-11-13 14:22:12 DEBUG CredentialPage:30 - Setting password
2019-11-13 14:30:50 DEBUG Hooks:29 - Initializing platform capabilities
2019-11-13 14:30:50 DEBUG Hooks:33 - Initializing application data
2019-11-13 14:30:50 DEBUG Hooks:37 - Initializing web driver
2019-11-13 14:31:15 DEBUG CredentialPage:28 - Waiting for page load
2019-11-13 14:31:15 DEBUG CredentialPage:30 - Setting password
2019-11-13 16:14:01 DEBUG Hooks:29 - Initializing platform capabilities
2019-11-13 16:14:01 DEBUG Hooks:33 - Initializing application data
2019-11-13 16:14:01 DEBUG Hooks:37 - Initializing web driver
2019-11-13 16:14:18 DEBUG CredentialPage:28 - Waiting for page load
2019-11-13 16:14:18 DEBUG CredentialPage:30 - Setting password
2019-11-13 16:15:37 DEBUG Hooks:29 - Initializing platform capabilities
2019-11-13 16:15:37 DEBUG Hooks:33 - Initializing application data
2019-11-13 16:15:37 DEBUG Hooks:37 - Initializing web driver
2019-11-13 16:15:50 DEBUG CredentialPage:28 - Waiting for page load
2019-11-13 16:15:50 DEBUG CredentialPage:30 - Setting password
2019-11-13 16:39:24 DEBUG Hooks:29 - Initializing platform capabilities
2019-11-13 16:39:24 DEBUG Hooks:33 - Initializing application data
2019-11-13 16:39:24 DEBUG Hooks:37 - Initializing web driver
2019-11-13 16:39:40 DEBUG CredentialPage:28 - Waiting for page load
2019-11-13 16:39:40 DEBUG CredentialPage:30 - Setting password
2019-11-13 22:18:36 DEBUG Hooks:30 - Initializing platform capabilities
2019-11-13 22:18:36 DEBUG Hooks:34 - Initializing application data
2019-11-13 22:18:36 DEBUG Hooks:38 - Initializing web driver
2019-11-13 22:18:58 DEBUG CredentialPage:28 - Waiting for page load
2019-11-13 22:18:58 DEBUG CredentialPage:30 - Setting password
2019-11-13 22:20:39 DEBUG Hooks:30 - Initializing platform capabilities
2019-11-13 22:20:39 DEBUG Hooks:34 - Initializing application data
2019-11-13 22:20:39 DEBUG Hooks:38 - Initializing web driver
2019-11-13 22:21:06 DEBUG CredentialPage:28 - Waiting for page load
2019-11-13 22:21:06 DEBUG CredentialPage:30 - Setting password
2019-11-13 22:22:33 DEBUG Hooks:30 - Initializing platform capabilities
2019-11-13 22:22:33 DEBUG Hooks:34 - Initializing application data
2019-11-13 22:22:33 DEBUG Hooks:38 - Initializing web driver
2019-11-13 22:27:00 DEBUG CredentialPage:28 - Waiting for page load
2019-11-13 22:27:00 DEBUG CredentialPage:30 - Setting password
2019-11-13 22:29:37 DEBUG Hooks:30 - Initializing platform capabilities
2019-11-13 22:29:37 DEBUG Hooks:34 - Initializing application data
2019-11-13 22:29:37 DEBUG Hooks:38 - Initializing web driver
2019-11-13 22:30:18 DEBUG CredentialPage:28 - Waiting for page load
2019-11-13 22:30:18 DEBUG CredentialPage:30 - Setting password
2019-11-13 22:32:49 DEBUG Hooks:30 - Initializing platform capabilities
2019-11-13 22:32:49 DEBUG Hooks:34 - Initializing application data
2019-11-13 22:32:49 DEBUG Hooks:38 - Initializing web driver
2019-11-13 22:33:09 DEBUG CredentialPage:28 - Waiting for page load
2019-11-13 22:33:09 DEBUG CredentialPage:30 - Setting password
2019-11-14 13:31:18 DEBUG Hooks:30 - Initializing platform capabilities
2019-11-14 13:31:18 DEBUG Hooks:34 - Initializing application data
2019-11-14 13:31:18 DEBUG Hooks:38 - Initializing web driver
2019-11-14 13:31:37 DEBUG CredentialPage:28 - Waiting for page load
2019-11-14 13:31:37 DEBUG CredentialPage:30 - Setting password
2019-11-14 13:31:39 DEBUG Hooks:30 - Initializing platform capabilities
2019-11-14 13:31:39 DEBUG Hooks:34 - Initializing application data
2019-11-14 13:31:39 DEBUG Hooks:38 - Initializing web driver
2019-11-14 13:31:53 DEBUG Hooks:30 - Initializing platform capabilities
2019-11-14 13:31:53 DEBUG Hooks:34 - Initializing application data
2019-11-14 13:31:53 DEBUG Hooks:38 - Initializing web driver
2019-11-14 13:32:10 DEBUG Hooks:30 - Initializing platform capabilities
2019-11-14 13:32:10 DEBUG Hooks:34 - Initializing application data
2019-11-14 13:32:10 DEBUG Hooks:38 - Initializing web driver
2019-11-14 13:32:29 DEBUG Hooks:30 - Initializing platform capabilities
2019-11-14 13:32:29 DEBUG Hooks:34 - Initializing application data
2019-11-14 13:32:29 DEBUG Hooks:38 - Initializing web driver
2019-11-14 13:32:44 DEBUG Hooks:30 - Initializing platform capabilities
2019-11-14 13:32:44 DEBUG Hooks:34 - Initializing application data
2019-11-14 13:32:44 DEBUG Hooks:38 - Initializing web driver
2019-11-14 13:33:00 DEBUG Hooks:30 - Initializing platform capabilities
2019-11-14 13:33:00 DEBUG Hooks:34 - Initializing application data
2019-11-14 13:33:00 DEBUG Hooks:38 - Initializing web driver
2019-11-14 13:33:14 DEBUG CredentialPage:28 - Waiting for page load
2019-11-14 13:33:14 DEBUG CredentialPage:30 - Setting password
2019-11-14 13:37:24 DEBUG Hooks:30 - Initializing platform capabilities
2019-11-14 13:37:24 DEBUG Hooks:34 - Initializing application data
2019-11-14 13:37:24 DEBUG Hooks:38 - Initializing web driver
2019-11-14 13:37:39 DEBUG CredentialPage:28 - Waiting for page load
2019-11-14 13:37:39 DEBUG CredentialPage:30 - Setting password
2019-11-14 13:37:41 DEBUG Hooks:30 - Initializing platform capabilities
2019-11-14 13:37:41 DEBUG Hooks:34 - Initializing application data
2019-11-14 13:37:41 DEBUG Hooks:38 - Initializing web driver
2019-11-14 13:37:54 DEBUG Hooks:30 - Initializing platform capabilities
2019-11-14 13:37:54 DEBUG Hooks:34 - Initializing application data
2019-11-14 13:37:54 DEBUG Hooks:38 - Initializing web driver
2019-11-14 13:38:05 DEBUG Hooks:30 - Initializing platform capabilities
2019-11-14 13:38:05 DEBUG Hooks:34 - Initializing application data
2019-11-14 13:38:05 DEBUG Hooks:38 - Initializing web driver
2019-11-14 13:38:18 DEBUG Hooks:30 - Initializing platform capabilities
2019-11-14 13:38:18 DEBUG Hooks:34 - Initializing application data
2019-11-14 13:38:18 DEBUG Hooks:38 - Initializing web driver
2019-11-14 13:38:30 DEBUG Hooks:30 - Initializing platform capabilities
2019-11-14 13:38:30 DEBUG Hooks:34 - Initializing application data
2019-11-14 13:38:30 DEBUG Hooks:38 - Initializing web driver
2019-11-14 13:38:43 DEBUG Hooks:30 - Initializing platform capabilities
2019-11-14 13:38:43 DEBUG Hooks:34 - Initializing application data
2019-11-14 13:38:43 DEBUG Hooks:38 - Initializing web driver
2019-11-14 14:49:17 DEBUG Hooks:30 - Initializing platform capabilities
2019-11-14 14:49:17 DEBUG Hooks:34 - Initializing application data
2019-11-14 14:49:17 DEBUG Hooks:38 - Initializing web driver
2019-11-14 14:49:34 DEBUG CredentialPage:28 - Waiting for page load
2019-11-14 14:49:34 DEBUG CredentialPage:30 - Setting password
2019-11-14 14:49:36 DEBUG Hooks:30 - Initializing platform capabilities
2019-11-14 14:49:36 DEBUG Hooks:34 - Initializing application data
2019-11-14 14:49:36 DEBUG Hooks:38 - Initializing web driver
2019-11-14 14:49:52 DEBUG Hooks:30 - Initializing platform capabilities
2019-11-14 14:49:52 DEBUG Hooks:34 - Initializing application data
2019-11-14 14:49:52 DEBUG Hooks:38 - Initializing web driver
2019-11-14 14:50:08 DEBUG Hooks:30 - Initializing platform capabilities
2019-11-14 14:50:08 DEBUG Hooks:34 - Initializing application data
2019-11-14 14:50:08 DEBUG Hooks:38 - Initializing web driver
2019-11-14 14:50:25 DEBUG Hooks:30 - Initializing platform capabilities
2019-11-14 14:50:25 DEBUG Hooks:34 - Initializing application data
2019-11-14 14:50:25 DEBUG Hooks:38 - Initializing web driver
2019-11-14 14:50:42 DEBUG Hooks:30 - Initializing platform capabilities
2019-11-14 14:50:42 DEBUG Hooks:34 - Initializing application data
2019-11-14 14:50:42 DEBUG Hooks:38 - Initializing web driver
2019-11-14 14:50:58 DEBUG Hooks:30 - Initializing platform capabilities
2019-11-14 14:50:58 DEBUG Hooks:34 - Initializing application data
2019-11-14 14:50:58 DEBUG Hooks:38 - Initializing web driver
2019-11-14 21:32:24 DEBUG Hooks:30 - Initializing platform capabilities
2019-11-14 21:32:24 DEBUG Hooks:34 - Initializing application data
2019-11-14 21:32:24 DEBUG Hooks:38 - Initializing web driver
2019-11-14 21:32:42 DEBUG CredentialPage:28 - Waiting for page load
2019-11-14 21:32:42 DEBUG CredentialPage:30 - Setting password
2019-11-14 21:35:05 DEBUG Hooks:30 - Initializing platform capabilities
2019-11-14 21:35:05 DEBUG Hooks:34 - Initializing application data
2019-11-14 21:35:05 DEBUG Hooks:38 - Initializing web driver
2019-11-14 21:35:25 DEBUG CredentialPage:28 - Waiting for page load
2019-11-14 21:35:25 DEBUG CredentialPage:30 - Setting password
2019-11-14 21:35:28 DEBUG Hooks:30 - Initializing platform capabilities
2019-11-14 21:35:28 DEBUG Hooks:34 - Initializing application data
2019-11-14 21:35:28 DEBUG Hooks:38 - Initializing web driver
2019-11-14 21:35:44 DEBUG Hooks:30 - Initializing platform capabilities
2019-11-14 21:35:44 DEBUG Hooks:34 - Initializing application data
2019-11-14 21:35:44 DEBUG Hooks:38 - Initializing web driver
2019-11-14 21:35:59 DEBUG Hooks:30 - Initializing platform capabilities
2019-11-14 21:35:59 DEBUG Hooks:34 - Initializing application data
2019-11-14 21:35:59 DEBUG Hooks:38 - Initializing web driver
2019-11-14 21:36:14 DEBUG Hooks:30 - Initializing platform capabilities
2019-11-14 21:36:14 DEBUG Hooks:34 - Initializing application data
2019-11-14 21:36:14 DEBUG Hooks:38 - Initializing web driver
2019-11-14 21:36:30 DEBUG Hooks:30 - Initializing platform capabilities
2019-11-14 21:36:30 DEBUG Hooks:34 - Initializing application data
2019-11-14 21:36:30 DEBUG Hooks:38 - Initializing web driver
2019-11-15 14:16:13 DEBUG Hooks:30 - Initializing platform capabilities
2019-11-15 14:16:13 DEBUG Hooks:34 - Initializing application data
2019-11-15 14:16:13 DEBUG Hooks:38 - Initializing web driver
2019-11-15 14:18:17 DEBUG Hooks:30 - Initializing platform capabilities
2019-11-15 14:18:17 DEBUG Hooks:34 - Initializing application data
2019-11-15 14:18:17 DEBUG Hooks:38 - Initializing web driver
